\BOOKMARK [1][-]{section.1}{Introduction}{}% 1
\BOOKMARK [2][-]{subsection.1.1}{Project Overview}{section.1}% 2
\BOOKMARK [2][-]{subsection.1.2}{Document Overview}{section.1}% 3
\BOOKMARK [2][-]{subsection.1.3}{Naming Conventions and Terminology}{section.1}% 4
\BOOKMARK [2][-]{subsection.1.4}{Project Scope}{section.1}% 5
\BOOKMARK [1][-]{section.2}{System Description}{}% 6
\BOOKMARK [2][-]{subsection.2.1}{System Architecture}{section.2}% 7
\BOOKMARK [2][-]{subsection.2.2}{System Variables}{section.2}% 8
\BOOKMARK [3][-]{subsubsection.2.2.1}{Monitored Variables}{subsection.2.2}% 9
\BOOKMARK [3][-]{subsubsection.2.2.2}{Controlled Variables}{subsection.2.2}% 10
\BOOKMARK [2][-]{subsection.2.3}{Subsystems}{section.2}% 11
\BOOKMARK [2][-]{subsection.2.4}{Use Cases}{section.2}% 12
\BOOKMARK [3][-]{subsubsection.2.4.1}{Start Training}{subsection.2.4}% 13
\BOOKMARK [3][-]{subsubsection.2.4.2}{Stop Training}{subsection.2.4}% 14
\BOOKMARK [3][-]{subsubsection.2.4.3}{View Results}{subsection.2.4}% 15
\BOOKMARK [3][-]{subsubsection.2.4.4}{Tune Parameters}{subsection.2.4}% 16
\BOOKMARK [3][-]{subsubsection.2.4.5}{Start System}{subsection.2.4}% 17
\BOOKMARK [2][-]{subsection.2.5}{Behaviour Description}{section.2}% 18
\BOOKMARK [3][-]{subsubsection.2.5.1}{Normal Operation}{subsection.2.5}% 19
\BOOKMARK [3][-]{subsubsection.2.5.2}{Abnormal Operation}{subsection.2.5}% 20
\BOOKMARK [3][-]{subsubsection.2.5.3}{Error Handling}{subsection.2.5}% 21
\BOOKMARK [1][-]{section.3}{Subsystems Overview}{}% 22
\BOOKMARK [2][-]{subsection.3.1}{Smart Serve}{section.3}% 23
\BOOKMARK [2][-]{subsection.3.2}{Computer Vision}{section.3}% 24
\BOOKMARK [2][-]{subsection.3.3}{Shot Recommendation}{section.3}% 25
\BOOKMARK [2][-]{subsection.3.4}{Shooting Model}{section.3}% 26
\BOOKMARK [2][-]{subsection.3.5}{Shot Optimizer}{section.3}% 27
\BOOKMARK [2][-]{subsection.3.6}{Data Storage}{section.3}% 28
\BOOKMARK [2][-]{subsection.3.7}{User Interface}{section.3}% 29
\BOOKMARK [2][-]{subsection.3.8}{Shooting Mechanism}{section.3}% 30
\BOOKMARK [1][-]{section.4}{Class Responsibility Collaboration \(CRC\) Cards}{}% 31
\BOOKMARK [2][-]{subsection.4.1}{SmartServe}{section.4}% 32
\BOOKMARK [2][-]{subsection.4.2}{Computer Vision}{section.4}% 33
\BOOKMARK [2][-]{subsection.4.3}{Shot Recommendation}{section.4}% 34
\BOOKMARK [2][-]{subsection.4.4}{Shooting Model}{section.4}% 35
\BOOKMARK [2][-]{subsection.4.5}{Shot Optimizer}{section.4}% 36
\BOOKMARK [2][-]{subsection.4.6}{Data Storage}{section.4}% 37
\BOOKMARK [2][-]{subsection.4.7}{User Interface}{section.4}% 38
\BOOKMARK [2][-]{subsection.4.8}{Shooting Mechanism}{section.4}% 39
